<?xml version="1.0" encoding="UTF-8"?>
<!-- Generated by org.testng.reporters.JUnitReportReporter -->
<testsuite hostname="Bloomlync-Qa" failures="0" tests="1" name="test.VideoPlatformTest" time="0.763" errors="1" timestamp="2024-06-26T17:49:31 IST" skipped="0">
  <testcase classname="test.VideoPlatformTest" name="runBookingTests" time="0.763">
    <error message="Failed to create booking: HTTP/1.1 400 Bad Request {&quot;code&quot;:3,&quot;message&quot;:&quot;proto: (line 1:157): invalid google.protobuf.Timestamp value \&quot;startTime\&quot;&quot;}" type="java.lang.RuntimeException">
      <![CDATA[java.lang.RuntimeException: Failed to create booking: HTTP/1.1 400 Bad Request {"code":3,"message":"proto: (line 1:157): invalid google.protobuf.Timestamp value \"startTime\""}
at utils.BaseApiService.create(BaseApiService.java:60)
at utils.ApiServiceBooking.createBooking(ApiServiceBooking.java:19)
at test.VideoPlatformTest$BookingTest.testPhenixBooking(VideoPlatformTest.java:253)
at test.VideoPlatformTest.runBookingTests(VideoPlatformTest.java:240)
at java.base/jdk.internal.reflect.DirectMethodHandleAccessor.invoke(DirectMethodHandleAccessor.java:103)
at java.base/java.lang.reflect.Method.invoke(Method.java:580)
at org.testng.internal.MethodInvocationHelper.invokeMethod(MethodInvocationHelper.java:133)
at org.testng.internal.TestInvoker.invokeMethod(TestInvoker.java:598)
at org.testng.internal.TestInvoker.invokeTestMethod(TestInvoker.java:173)
at org.testng.internal.MethodRunner.runInSequence(MethodRunner.java:46)
at org.testng.internal.TestInvoker$MethodInvocationAgent.invoke(TestInvoker.java:824)
at org.testng.internal.TestInvoker.invokeTestMethods(TestInvoker.java:146)
at org.testng.internal.TestMethodWorker.invokeTestMethods(TestMethodWorker.java:146)
at org.testng.internal.TestMethodWorker.run(TestMethodWorker.java:128)
at java.base/java.util.ArrayList.forEach(ArrayList.java:1596)
at org.testng.TestRunner.privateRun(TestRunner.java:794)
at org.testng.TestRunner.run(TestRunner.java:596)
at org.testng.SuiteRunner.runTest(SuiteRunner.java:377)
at org.testng.SuiteRunner.runSequentially(SuiteRunner.java:371)
at org.testng.SuiteRunner.privateRun(SuiteRunner.java:332)
at org.testng.SuiteRunner.run(SuiteRunner.java:276)
at org.testng.SuiteRunnerWorker.runSuite(SuiteRunnerWorker.java:53)
at org.testng.SuiteRunnerWorker.run(SuiteRunnerWorker.java:96)
at org.testng.TestNG.runSuitesSequentially(TestNG.java:1212)
at org.testng.TestNG.runSuitesLocally(TestNG.java:1134)
at org.testng.TestNG.runSuites(TestNG.java:1063)
at org.testng.TestNG.run(TestNG.java:1031)
at org.testng.remote.AbstractRemoteTestNG.run(AbstractRemoteTestNG.java:115)
at org.testng.remote.RemoteTestNG.initAndRun(RemoteTestNG.java:293)
at org.testng.remote.RemoteTestNG.main(RemoteTestNG.java:91)
]]>
    </error>
  </testcase> <!-- runBookingTests -->
  <system-out/>
</testsuite> <!-- test.VideoPlatformTest -->
